#
# There is insufficient memory for the Java Runtime Environment to continue.
# Native memory allocation (mmap) failed to map 390070272 bytes for G1 virtual space
# Possible reasons:
#   The system is out of physical RAM or swap space
#   The process is running with CompressedOops enabled, and the Java Heap may be blocking the growth of the native heap
# Possible solutions:
#   Reduce memory load on the system
#   Increase physical memory or swap space
#   Check if swap backing store is full
#   Decrease Java heap size (-Xmx/-Xms)
#   Decrease number of Java threads
#   Decrease Java thread stack sizes (-Xss)
#   Set larger code cache with -XX:ReservedCodeCacheSize=
#   JVM is running with Zero Based Compressed Oops mode in which the Java heap is
#     placed in the first 32GB address space. The Java Heap base address is the
#     maximum limit for the native heap growth. Please use -XX:HeapBaseMinAddress
#     to set the Java Heap base and to place the Java Heap above 32GB virtual address.
# This output file may be truncated or incomplete.
#
#  Out of Memory Error (os_windows.cpp:3466), pid=40972, tid=38768
#
# JRE version: Java(TM) SE Runtime Environment (16.0.2+7) (build 16.0.2+7-67)
# Java VM: Java HotSpot(TM) 64-Bit Server VM (16.0.2+7-67, mixed mode, sharing, tiered, compressed oops, compressed class ptrs, g1 gc, windows-amd64)
# No core dump will be written. Minidumps are not enabled by default on client versions of Windows
#

---------------  S U M M A R Y ------------

Command Line: -javaagent:D:\IntelliJ IDEA 2021.2.2\lib\idea_rt.jar=52611:D:\IntelliJ IDEA 2021.2.2\bin -Dfile.encoding=UTF-8 haikang.Demo1

Host: AMD Ryzen 7 4800H with Radeon Graphics         , 16 cores, 15G,  Windows 10 , 64 bit Build 19041 (10.0.19041.1645)
Time: Sun Apr 17 11:06:41 2022  Windows 10 , 64 bit Build 19041 (10.0.19041.1645) elapsed time: 9.909848 seconds (0d 0h 0m 9s)

---------------  T H R E A D  ---------------

Current thread (0x00000183ff4eb940):  VMThread "VM Thread" [stack: 0x0000006bab700000,0x0000006bab800000] [id=38768]

Stack: [0x0000006bab700000,0x0000006bab800000]
Native frames: (J=compiled Java code, j=interpreted, Vv=VM code, C=native code)
V  [jvm.dll+0x6681ca]
V  [jvm.dll+0x7c9e69]
V  [jvm.dll+0x7cb61e]
V  [jvm.dll+0x7cbc73]
V  [jvm.dll+0x242c55]
V  [jvm.dll+0x664f89]
V  [jvm.dll+0x659b75]
V  [jvm.dll+0x2fbfbb]
V  [jvm.dll+0x3031b6]
V  [jvm.dll+0x35299e]
V  [jvm.dll+0x352bcf]
V  [jvm.dll+0x2d3028]
V  [jvm.dll+0x2d0bb5]
V  [jvm.dll+0x2d01ec]
V  [jvm.dll+0x3152d2]
V  [jvm.dll+0x7d00ab]
V  [jvm.dll+0x7d0da4]
V  [jvm.dll+0x7d12a9]
V  [jvm.dll+0x7d1564]
V  [jvm.dll+0x7d1630]
V  [jvm.dll+0x7795aa]
V  [jvm.dll+0x667066]
C  [ucrtbase.dll+0x21bb2]
C  [KERNEL32.DLL+0x17034]
C  [ntdll.dll+0x52651]

VM_Operation (0x0000006bab1fd9c0): G1CollectForAllocation, mode: safepoint, requested by thread 0x00000183f10bb5d0


---------------  P R O C E S S  ---------------

Threads class SMR info:
_java_thread_list=0x0000018395a90930, length=13, elements={
0x00000183f10bb5d0, 0x00000183ff4f03a0, 0x00000183ff4f0f70, 0x00000183ff50b370,
0x00000183ff50bc80, 0x00000183ff50cba0, 0x00000183ff50f4c0, 0x00000183ff510920,
0x00000183ff512330, 0x00000183ff514c90, 0x00000183ff4d52e0, 0x00000183959aa0b0,
0x00000183959aa5d0
}

Java Threads: ( => current thread )
  0x00000183f10bb5d0 JavaThread "main" [_thread_blocked, id=18976, stack(0x0000006bab100000,0x0000006bab200000)]
  0x00000183ff4f03a0 JavaThread "Reference Handler" daemon [_thread_blocked, id=31148, stack(0x0000006bab800000,0x0000006bab900000)]
  0x00000183ff4f0f70 JavaThread "Finalizer" daemon [_thread_blocked, id=32392, stack(0x0000006bab900000,0x0000006baba00000)]
  0x00000183ff50b370 JavaThread "Signal Dispatcher" daemon [_thread_blocked, id=6180, stack(0x0000006baba00000,0x0000006babb00000)]
  0x00000183ff50bc80 JavaThread "Attach Listener" daemon [_thread_blocked, id=42640, stack(0x0000006babb00000,0x0000006babc00000)]
  0x00000183ff50cba0 JavaThread "Service Thread" daemon [_thread_blocked, id=35904, stack(0x0000006babc00000,0x0000006babd00000)]
  0x00000183ff50f4c0 JavaThread "Monitor Deflation Thread" daemon [_thread_blocked, id=42208, stack(0x0000006babd00000,0x0000006babe00000)]
  0x00000183ff510920 JavaThread "C2 CompilerThread0" daemon [_thread_blocked, id=37792, stack(0x0000006babe00000,0x0000006babf00000)]
  0x00000183ff512330 JavaThread "C1 CompilerThread0" daemon [_thread_blocked, id=37768, stack(0x0000006babf00000,0x0000006bac000000)]
  0x00000183ff514c90 JavaThread "Sweeper thread" daemon [_thread_blocked, id=37884, stack(0x0000006bac000000,0x0000006bac100000)]
  0x00000183ff4d52e0 JavaThread "Common-Cleaner" daemon [_thread_blocked, id=11120, stack(0x0000006bac100000,0x0000006bac200000)]
  0x00000183959aa0b0 JavaThread "Monitor Ctrl-Break" daemon [_thread_in_native, id=36412, stack(0x0000006bac400000,0x0000006bac500000)]
  0x00000183959aa5d0 JavaThread "Notification Thread" daemon [_thread_blocked, id=13760, stack(0x0000006bac500000,0x0000006bac600000)]

Other Threads:
=>0x00000183ff4eb940 VMThread "VM Thread" [stack: 0x0000006bab700000,0x0000006bab800000] [id=38768]
  0x00000183959ae180 WatcherThread [stack: 0x0000006bac600000,0x0000006bac700000] [id=7928]
  0x00000183f110a500 GCTaskThread "GC Thread#0" [stack: 0x0000006bab200000,0x0000006bab300000] [id=17044]
  0x0000018395b18140 GCTaskThread "GC Thread#1" [stack: 0x0000006bac900000,0x0000006baca00000] [id=6336]
  0x0000018395b18a70 GCTaskThread "GC Thread#2" [stack: 0x0000006baca00000,0x0000006bacb00000] [id=40088]
  0x0000018395b18450 GCTaskThread "GC Thread#3" [stack: 0x0000006bacb00000,0x0000006bacc00000] [id=7068]
  0x0000018395b171f0 GCTaskThread "GC Thread#4" [stack: 0x0000006bacc00000,0x0000006bacd00000] [id=43584]
  0x0000018395b18760 GCTaskThread "GC Thread#5" [stack: 0x0000006bacd00000,0x0000006bace00000] [id=38884]
  0x0000018395b18d80 GCTaskThread "GC Thread#6" [stack: 0x0000006bace00000,0x0000006bacf00000] [id=43664]
  0x0000018395b17500 GCTaskThread "GC Thread#7" [stack: 0x0000006bacf00000,0x0000006bad000000] [id=43084]
  0x0000018395b17810 GCTaskThread "GC Thread#8" [stack: 0x0000006bad000000,0x0000006bad100000] [id=34720]
  0x0000018395b17e30 GCTaskThread "GC Thread#9" [stack: 0x0000006bad100000,0x0000006bad200000] [id=32140]
  0x0000018395d60540 GCTaskThread "GC Thread#10" [stack: 0x0000006bac300000,0x0000006bac400000] [id=32248]
  0x0000018395d61490 GCTaskThread "GC Thread#11" [stack: 0x0000006bac700000,0x0000006bac800000] [id=40244]
  0x0000018395d5ecc0 GCTaskThread "GC Thread#12" [stack: 0x0000006bac200000,0x0000006bac300000] [id=24592]
  0x00000183f111bb30 ConcurrentGCThread "G1 Main Marker" [stack: 0x0000006bab300000,0x0000006bab400000] [id=21248]
  0x00000183f111ebe0 ConcurrentGCThread "G1 Conc#0" [stack: 0x0000006bab400000,0x0000006bab500000] [id=36068]
  0x0000018395d5ff20 ConcurrentGCThread "G1 Conc#1" [stack: 0x0000006bac800000,0x0000006bac900000] [id=42952]
  0x0000018395d5f2e0 ConcurrentGCThread "G1 Conc#2" [stack: 0x0000006bad200000,0x0000006bad300000] [id=41660]
  0x00000183ff39c510 ConcurrentGCThread "G1 Refine#0" [stack: 0x0000006bab500000,0x0000006bab600000] [id=33268]
  0x00000183ff39dc50 ConcurrentGCThread "G1 Service" [stack: 0x0000006bab600000,0x0000006bab700000] [id=36628]

Threads with active compile tasks:

VM state: at safepoint (normal execution)

VM Mutex/Monitor currently owned by a thread:  ([mutex/lock_event])
[0x00000183f10b6140] Threads_lock - owner thread: 0x00000183ff4eb940
[0x00000183f10b6890] Heap_lock - owner thread: 0x00000183f10bb5d0

Heap address: 0x000000070a200000, size: 3934 MB, Compressed Oops mode: Zero based, Oop shift amount: 3

CDS archive(s) mapped at: [0x0000000800000000-0x0000000800bb0000-0x0000000800bb0000), size 12255232, SharedBaseAddress: 0x0000000800000000, ArchiveRelocationMode: 0.
Compressed class space mapped at: 0x0000000800c00000-0x0000000840c00000, reserved size: 1073741824
Narrow klass base: 0x0000000800000000, Narrow klass shift: 3, Narrow klass range: 0x100000000

GC Precious Log:
 CPUs: 16 total, 16 available
 Memory: 15734M
 Large Page Support: Disabled
 NUMA Support: Disabled
 Compressed Oops: Enabled (Zero based)
 Heap Region Size: 2M
 Heap Min Capacity: 8M
 Heap Initial Capacity: 246M
 Heap Max Capacity: 3934M
 Pre-touch: Disabled
 Parallel Workers: 13
 Concurrent Workers: 3
 Concurrent Refinement Workers: 13
 Periodic GC: Disabled

Heap:
 garbage-first heap   total 600064K, used 318955K [0x000000070a200000, 0x0000000800000000)
  region size 2048K, 0 young (0K), 0 survivors (0K)
 Metaspace       used 1070K, committed 1280K, reserved 1056768K
  class space    used 76K, committed 192K, reserved 1048576K

Heap Regions: E=young(eden), S=young(survivor), O=old, HS=humongous(starts), HC=humongous(continues), CS=collection set, F=free, OA=open archive, CA=closed archive, TAMS=top-at-mark-start (previous, next)
|   0|0x000000070a200000, 0x000000070a200000, 0x000000070a400000|  0%| F|  |TAMS 0x000000070a200000, 0x000000070a200000| Untracked 
|   1|0x000000070a400000, 0x000000070a400000, 0x000000070a600000|  0%| F|  |TAMS 0x000000070a400000, 0x000000070a400000| Untracked 
|   2|0x000000070a600000, 0x000000070a600000, 0x000000070a800000|  0%| F|  |TAMS 0x000000070a600000, 0x000000070a600000| Untracked 
|   3|0x000000070a800000, 0x000000070a800000, 0x000000070aa00000|  0%| F|  |TAMS 0x000000070a800000, 0x000000070a800000| Untracked 
|   4|0x000000070aa00000, 0x000000070aa00000, 0x000000070ac00000|  0%| F|  |TAMS 0x000000070aa00000, 0x000000070aa00000| Untracked 
|   5|0x000000070ac00000, 0x000000070ac00000, 0x000000070ae00000|  0%| F|  |TAMS 0x000000070ac00000, 0x000000070ac00000| Untracked 
|   6|0x000000070ae00000, 0x000000070ae00000, 0x000000070b000000|  0%| F|  |TAMS 0x000000070ae00000, 0x000000070ae00000| Untracked 
|   7|0x000000070b000000, 0x000000070b179800, 0x000000070b200000| 73%| O|  |TAMS 0x000000070b179800, 0x000000070b000000| Untracked 
|   8|0x000000070b200000, 0x000000070b400000, 0x000000070b400000|100%|HS|  |TAMS 0x000000070b400000, 0x000000070b200000| Complete 
|   9|0x000000070b400000, 0x000000070b600000, 0x000000070b600000|100%|HC|  |TAMS 0x000000070b600000, 0x000000070b400000| Complete 
|  10|0x000000070b600000, 0x000000070b800000, 0x000000070b800000|100%|HC|  |TAMS 0x000000070b800000, 0x000000070b600000| Complete 
|  11|0x000000070b800000, 0x000000070ba00000, 0x000000070ba00000|100%|HC|  |TAMS 0x000000070ba00000, 0x000000070b800000| Complete 
|  12|0x000000070ba00000, 0x000000070bc00000, 0x000000070bc00000|100%|HC|  |TAMS 0x000000070bc00000, 0x000000070ba00000| Complete 
|  13|0x000000070bc00000, 0x000000070be00000, 0x000000070be00000|100%|HC|  |TAMS 0x000000070be00000, 0x000000070bc00000| Complete 
|  14|0x000000070be00000, 0x000000070c000000, 0x000000070c000000|100%|HC|  |TAMS 0x000000070c000000, 0x000000070be00000| Complete 
|  15|0x000000070c000000, 0x000000070c200000, 0x000000070c200000|100%|HC|  |TAMS 0x000000070c200000, 0x000000070c000000| Complete 
|  16|0x000000070c200000, 0x000000070c400000, 0x000000070c400000|100%|HC|  |TAMS 0x000000070c400000, 0x000000070c200000| Complete 
|  17|0x000000070c400000, 0x000000070c600000, 0x000000070c600000|100%|HC|  |TAMS 0x000000070c600000, 0x000000070c400000| Complete 
|  18|0x000000070c600000, 0x000000070c800000, 0x000000070c800000|100%|HC|  |TAMS 0x000000070c800000, 0x000000070c600000| Complete 
|  19|0x000000070c800000, 0x000000070ca00000, 0x000000070ca00000|100%|HC|  |TAMS 0x000000070ca00000, 0x000000070c800000| Complete 
|  20|0x000000070ca00000, 0x000000070cc00000, 0x000000070cc00000|100%|HC|  |TAMS 0x000000070cc00000, 0x000000070ca00000| Complete 
|  21|0x000000070cc00000, 0x000000070ce00000, 0x000000070ce00000|100%|HC|  |TAMS 0x000000070ce00000, 0x000000070cc00000| Complete 
|  22|0x000000070ce00000, 0x000000070d000000, 0x000000070d000000|100%|HC|  |TAMS 0x000000070d000000, 0x000000070ce00000| Complete 
|  23|0x000000070d000000, 0x000000070d200000, 0x000000070d200000|100%|HC|  |TAMS 0x000000070d200000, 0x000000070d000000| Complete 
|  24|0x000000070d200000, 0x000000070d400000, 0x000000070d400000|100%|HC|  |TAMS 0x000000070d400000, 0x000000070d200000| Complete 
|  25|0x000000070d400000, 0x000000070d600000, 0x000000070d600000|100%|HC|  |TAMS 0x000000070d600000, 0x000000070d400000| Complete 
|  26|0x000000070d600000, 0x000000070d800000, 0x000000070d800000|100%|HC|  |TAMS 0x000000070d800000, 0x000000070d600000| Complete 
|  27|0x000000070d800000, 0x000000070da00000, 0x000000070da00000|100%|HC|  |TAMS 0x000000070da00000, 0x000000070d800000| Complete 
|  28|0x000000070da00000, 0x000000070dc00000, 0x000000070dc00000|100%|HC|  |TAMS 0x000000070dc00000, 0x000000070da00000| Complete 
|  29|0x000000070dc00000, 0x000000070de00000, 0x000000070de00000|100%|HC|  |TAMS 0x000000070de00000, 0x000000070dc00000| Complete 
|  30|0x000000070de00000, 0x000000070e000000, 0x000000070e000000|100%|HC|  |TAMS 0x000000070e000000, 0x000000070de00000| Complete 
|  31|0x000000070e000000, 0x000000070e200000, 0x000000070e200000|100%|HC|  |TAMS 0x000000070e200000, 0x000000070e000000| Complete 
|  32|0x000000070e200000, 0x000000070e400000, 0x000000070e400000|100%|HC|  |TAMS 0x000000070e400000, 0x000000070e200000| Complete 
|  33|0x000000070e400000, 0x000000070e600000, 0x000000070e600000|100%|HC|  |TAMS 0x000000070e600000, 0x000000070e400000| Complete 
|  34|0x000000070e600000, 0x000000070e800000, 0x000000070e800000|100%|HC|  |TAMS 0x000000070e800000, 0x000000070e600000| Complete 
|  35|0x000000070e800000, 0x000000070ea00000, 0x000000070ea00000|100%|HC|  |TAMS 0x000000070ea00000, 0x000000070e800000| Complete 
|  36|0x000000070ea00000, 0x000000070ec00000, 0x000000070ec00000|100%|HC|  |TAMS 0x000000070ec00000, 0x000000070ea00000| Complete 
|  37|0x000000070ec00000, 0x000000070ee00000, 0x000000070ee00000|100%|HC|  |TAMS 0x000000070ee00000, 0x000000070ec00000| Complete 
|  38|0x000000070ee00000, 0x000000070f000000, 0x000000070f000000|100%|HC|  |TAMS 0x000000070f000000, 0x000000070ee00000| Complete 
|  39|0x000000070f000000, 0x000000070f200000, 0x000000070f200000|100%|HC|  |TAMS 0x000000070f200000, 0x000000070f000000| Complete 
|  40|0x000000070f200000, 0x000000070f400000, 0x000000070f400000|100%|HC|  |TAMS 0x000000070f400000, 0x000000070f200000| Complete 
|  41|0x000000070f400000, 0x000000070f600000, 0x000000070f600000|100%|HC|  |TAMS 0x000000070f600000, 0x000000070f400000| Complete 
|  42|0x000000070f600000, 0x000000070f800000, 0x000000070f800000|100%|HC|  |TAMS 0x000000070f800000, 0x000000070f600000| Complete 
|  43|0x000000070f800000, 0x000000070fa00000, 0x000000070fa00000|100%|HC|  |TAMS 0x000000070fa00000, 0x000000070f800000| Complete 
|  44|0x000000070fa00000, 0x000000070fc00000, 0x000000070fc00000|100%|HC|  |TAMS 0x000000070fc00000, 0x000000070fa00000| Complete 
|  45|0x000000070fc00000, 0x000000070fe00000, 0x000000070fe00000|100%|HC|  |TAMS 0x000000070fe00000, 0x000000070fc00000| Complete 
|  46|0x000000070fe00000, 0x0000000710000000, 0x0000000710000000|100%|HC|  |TAMS 0x0000000710000000, 0x000000070fe00000| Complete 
|  47|0x0000000710000000, 0x0000000710200000, 0x0000000710200000|100%|HC|  |TAMS 0x0000000710200000, 0x0000000710000000| Complete 
|  48|0x0000000710200000, 0x0000000710400000, 0x0000000710400000|100%|HC|  |TAMS 0x0000000710400000, 0x0000000710200000| Complete 
|  49|0x0000000710400000, 0x0000000710600000, 0x0000000710600000|100%|HC|  |TAMS 0x0000000710600000, 0x0000000710400000| Complete 
|  50|0x0000000710600000, 0x0000000710800000, 0x0000000710800000|100%|HC|  |TAMS 0x0000000710800000, 0x0000000710600000| Complete 
|  51|0x0000000710800000, 0x0000000710a00000, 0x0000000710a00000|100%|HC|  |TAMS 0x0000000710a00000, 0x0000000710800000| Complete 
|  52|0x0000000710a00000, 0x0000000710c00000, 0x0000000710c00000|100%|HC|  |TAMS 0x0000000710c00000, 0x0000000710a00000| Complete 
|  53|0x0000000710c00000, 0x0000000710e00000, 0x0000000710e00000|100%|HC|  |TAMS 0x0000000710e00000, 0x0000000710c00000| Complete 
|  54|0x0000000710e00000, 0x0000000711000000, 0x0000000711000000|100%|HC|  |TAMS 0x0000000711000000, 0x0000000710e00000| Complete 
|  55|0x0000000711000000, 0x0000000711200000, 0x0000000711200000|100%|HC|  |TAMS 0x0000000711200000, 0x0000000711000000| Complete 
|  56|0x0000000711200000, 0x0000000711400000, 0x0000000711400000|100%|HC|  |TAMS 0x0000000711400000, 0x0000000711200000| Complete 
|  57|0x0000000711400000, 0x0000000711600000, 0x0000000711600000|100%|HC|  |TAMS 0x0000000711600000, 0x0000000711400000| Complete 
|  58|0x0000000711600000, 0x0000000711800000, 0x0000000711800000|100%|HC|  |TAMS 0x0000000711800000, 0x0000000711600000| Complete 
|  59|0x0000000711800000, 0x0000000711a00000, 0x0000000711a00000|100%|HC|  |TAMS 0x0000000711a00000, 0x0000000711800000| Complete 
|  60|0x0000000711a00000, 0x0000000711c00000, 0x0000000711c00000|100%|HC|  |TAMS 0x0000000711c00000, 0x0000000711a00000| Complete 
|  61|0x0000000711c00000, 0x0000000711e00000, 0x0000000711e00000|100%|HC|  |TAMS 0x0000000711e00000, 0x0000000711c00000| Complete 
|  62|0x0000000711e00000, 0x0000000712000000, 0x0000000712000000|100%|HC|  |TAMS 0x0000000712000000, 0x0000000711e00000| Complete 
|  63|0x0000000712000000, 0x0000000712200000, 0x0000000712200000|100%|HC|  |TAMS 0x0000000712200000, 0x0000000712000000| Complete 
|  64|0x0000000712200000, 0x0000000712400000, 0x0000000712400000|100%|HC|  |TAMS 0x0000000712400000, 0x0000000712200000| Complete 
|  65|0x0000000712400000, 0x0000000712600000, 0x0000000712600000|100%|HC|  |TAMS 0x0000000712600000, 0x0000000712400000| Complete 
|  66|0x0000000712600000, 0x0000000712800000, 0x0000000712800000|100%|HC|  |TAMS 0x0000000712800000, 0x0000000712600000| Complete 
|  67|0x0000000712800000, 0x0000000712a00000, 0x0000000712a00000|100%|HC|  |TAMS 0x0000000712a00000, 0x0000000712800000| Complete 
|  68|0x0000000712a00000, 0x0000000712c00000, 0x0000000712c00000|100%|HC|  |TAMS 0x0000000712c00000, 0x0000000712a00000| Complete 
|  69|0x0000000712c00000, 0x0000000712e00000, 0x0000000712e00000|100%|HC|  |TAMS 0x0000000712e00000, 0x0000000712c00000| Complete 
|  70|0x0000000712e00000, 0x0000000713000000, 0x0000000713000000|100%|HC|  |TAMS 0x0000000713000000, 0x0000000712e00000| Complete 
|  71|0x0000000713000000, 0x0000000713200000, 0x0000000713200000|100%|HC|  |TAMS 0x0000000713200000, 0x0000000713000000| Complete 
|  72|0x0000000713200000, 0x0000000713400000, 0x0000000713400000|100%|HC|  |TAMS 0x0000000713400000, 0x0000000713200000| Complete 
|  73|0x0000000713400000, 0x0000000713600000, 0x0000000713600000|100%|HC|  |TAMS 0x0000000713600000, 0x0000000713400000| Complete 
|  74|0x0000000713600000, 0x0000000713800000, 0x0000000713800000|100%|HC|  |TAMS 0x0000000713800000, 0x0000000713600000| Complete 
|  75|0x0000000713800000, 0x0000000713a00000, 0x0000000713a00000|100%|HC|  |TAMS 0x0000000713a00000, 0x0000000713800000| Complete 
|  76|0x0000000713a00000, 0x0000000713c00000, 0x0000000713c00000|100%|HC|  |TAMS 0x0000000713c00000, 0x0000000713a00000| Complete 
|  77|0x0000000713c00000, 0x0000000713e00000, 0x0000000713e00000|100%|HC|  |TAMS 0x0000000713e00000, 0x0000000713c00000| Complete 
|  78|0x0000000713e00000, 0x0000000714000000, 0x0000000714000000|100%|HC|  |TAMS 0x0000000714000000, 0x0000000713e00000| Complete 
|  79|0x0000000714000000, 0x0000000714200000, 0x0000000714200000|100%|HC|  |TAMS 0x0000000714200000, 0x0000000714000000| Complete 
|  80|0x0000000714200000, 0x0000000714400000, 0x0000000714400000|100%|HC|  |TAMS 0x0000000714400000, 0x0000000714200000| Complete 
|  81|0x0000000714400000, 0x0000000714600000, 0x0000000714600000|100%|HC|  |TAMS 0x0000000714600000, 0x0000000714400000| Complete 
|  82|0x0000000714600000, 0x0000000714800000, 0x0000000714800000|100%|HC|  |TAMS 0x0000000714800000, 0x0000000714600000| Complete 
|  83|0x0000000714800000, 0x0000000714a00000, 0x0000000714a00000|100%|HC|  |TAMS 0x0000000714a00000, 0x0000000714800000| Complete 
|  84|0x0000000714a00000, 0x0000000714c00000, 0x0000000714c00000|100%|HC|  |TAMS 0x0000000714c00000, 0x0000000714a00000| Complete 
|  85|0x0000000714c00000, 0x0000000714e00000, 0x0000000714e00000|100%|HC|  |TAMS 0x0000000714e00000, 0x0000000714c00000| Complete 
|  86|0x0000000714e00000, 0x0000000715000000, 0x0000000715000000|100%|HC|  |TAMS 0x0000000715000000, 0x0000000714e00000| Complete 
|  87|0x0000000715000000, 0x0000000715200000, 0x0000000715200000|100%|HC|  |TAMS 0x0000000715200000, 0x0000000715000000| Complete 
|  88|0x0000000715200000, 0x0000000715400000, 0x0000000715400000|100%|HC|  |TAMS 0x0000000715400000, 0x0000000715200000| Complete 
|  89|0x0000000715400000, 0x0000000715600000, 0x0000000715600000|100%|HC|  |TAMS 0x0000000715600000, 0x0000000715400000| Complete 
|  90|0x0000000715600000, 0x0000000715600000, 0x0000000715800000|  0%| F|  |TAMS 0x0000000715600000, 0x0000000715600000| Untracked 
|  91|0x0000000715800000, 0x0000000715800000, 0x0000000715a00000|  0%| F|  |TAMS 0x0000000715800000, 0x0000000715800000| Untracked 
|  92|0x0000000715a00000, 0x0000000715a00000, 0x0000000715c00000|  0%| F|  |TAMS 0x0000000715a00000, 0x0000000715a00000| Untracked 
|  93|0x0000000715c00000, 0x0000000715c00000, 0x0000000715e00000|  0%| F|  |TAMS 0x0000000715c00000, 0x0000000715c00000| Untracked 
|  94|0x0000000715e00000, 0x0000000715e00000, 0x0000000716000000|  0%| F|  |TAMS 0x0000000715e00000, 0x0000000715e00000| Untracked 
|  95|0x0000000716000000, 0x0000000716000000, 0x0000000716200000|  0%| F|  |TAMS 0x0000000716000000, 0x0000000716000000| Untracked 
|  96|0x0000000716200000, 0x0000000716200000, 0x0000000716400000|  0%| F|  |TAMS 0x0000000716200000, 0x0000000716200000| Untracked 
|  97|0x0000000716400000, 0x0000000716400000, 0x0000000716600000|  0%| F|  |TAMS 0x0000000716400000, 0x0000000716400000| Untracked 
|  98|0x0000000716600000, 0x0000000716600000, 0x0000000716800000|  0%| F|  |TAMS 0x0000000716600000, 0x0000000716600000| Untracked 
|  99|0x0000000716800000, 0x0000000716800000, 0x0000000716a00000|  0%| F|  |TAMS 0x0000000716800000, 0x0000000716800000| Untracked 
| 100|0x0000000716a00000, 0x0000000716a00000, 0x0000000716c00000|  0%| F|  |TAMS 0x0000000716a00000, 0x0000000716a00000| Untracked 
| 101|0x0000000716c00000, 0x0000000716c00000, 0x0000000716e00000|  0%| F|  |TAMS 0x0000000716c00000, 0x0000000716c00000| Untracked 
| 102|0x0000000716e00000, 0x0000000716e00000, 0x0000000717000000|  0%| F|  |TAMS 0x0000000716e00000, 0x0000000716e00000| Untracked 
| 103|0x0000000717000000, 0x0000000717000000, 0x0000000717200000|  0%| F|  |TAMS 0x0000000717000000, 0x0000000717000000| Untracked 
| 104|0x0000000717200000, 0x0000000717200000, 0x0000000717400000|  0%| F|  |TAMS 0x0000000717200000, 0x0000000717200000| Untracked 
| 105|0x0000000717400000, 0x0000000717400000, 0x0000000717600000|  0%| F|  |TAMS 0x0000000717400000, 0x0000000717400000| Untracked 
| 106|0x0000000717600000, 0x0000000717600000, 0x0000000717800000|  0%| F|  |TAMS 0x0000000717600000, 0x0000000717600000| Untracked 
| 107|0x0000000717800000, 0x0000000717800000, 0x0000000717a00000|  0%| F|  |TAMS 0x0000000717800000, 0x0000000717800000| Untracked 
| 108|0x0000000717a00000, 0x0000000717a00000, 0x0000000717c00000|  0%| F|  |TAMS 0x0000000717a00000, 0x0000000717a00000| Untracked 
| 109|0x0000000717c00000, 0x0000000717c00000, 0x0000000717e00000|  0%| F|  |TAMS 0x0000000717c00000, 0x0000000717c00000| Untracked 
| 110|0x0000000717e00000, 0x0000000717e00000, 0x0000000718000000|  0%| F|  |TAMS 0x0000000717e00000, 0x0000000717e00000| Untracked 
| 111|0x0000000718000000, 0x0000000718000000, 0x0000000718200000|  0%| F|  |TAMS 0x0000000718000000, 0x0000000718000000| Untracked 
| 112|0x0000000718200000, 0x0000000718200000, 0x0000000718400000|  0%| F|  |TAMS 0x0000000718200000, 0x0000000718200000| Untracked 
| 113|0x0000000718400000, 0x0000000718400000, 0x0000000718600000|  0%| F|  |TAMS 0x0000000718400000, 0x0000000718400000| Untracked 
| 114|0x0000000718600000, 0x0000000718600000, 0x0000000718800000|  0%| F|  |TAMS 0x0000000718600000, 0x0000000718600000| Untracked 
| 115|0x0000000718800000, 0x0000000718800000, 0x0000000718a00000|  0%| F|  |TAMS 0x0000000718800000, 0x0000000718800000| Untracked 
| 116|0x0000000718a00000, 0x0000000718a00000, 0x0000000718c00000|  0%| F|  |TAMS 0x0000000718a00000, 0x0000000718a00000| Untracked 
| 117|0x0000000718c00000, 0x0000000718c00000, 0x0000000718e00000|  0%| F|  |TAMS 0x0000000718c00000, 0x0000000718c00000| Untracked 
| 118|0x0000000718e00000, 0x0000000718e00000, 0x0000000719000000|  0%| F|  |TAMS 0x0000000718e00000, 0x0000000718e00000| Untracked 
| 119|0x0000000719000000, 0x0000000719000000, 0x0000000719200000|  0%| F|  |TAMS 0x0000000719000000, 0x0000000719000000| Untracked 
| 120|0x0000000719200000, 0x0000000719200000, 0x0000000719400000|  0%| F|  |TAMS 0x0000000719200000, 0x0000000719200000| Untracked 
| 121|0x0000000719400000, 0x0000000719400000, 0x0000000719600000|  0%| F|  |TAMS 0x0000000719400000, 0x0000000719400000| Untracked 
| 122|0x0000000719600000, 0x0000000719600000, 0x0000000719800000|  0%| F|  |TAMS 0x0000000719600000, 0x0000000719600000| Untracked 
| 123|0x0000000719800000, 0x0000000719800000, 0x0000000719a00000|  0%| F|  |TAMS 0x0000000719800000, 0x0000000719800000| Untracked 
| 124|0x0000000719a00000, 0x0000000719a00000, 0x0000000719c00000|  0%| F|  |TAMS 0x0000000719a00000, 0x0000000719a00000| Untracked 
| 125|0x0000000719c00000, 0x0000000719c00000, 0x0000000719e00000|  0%| F|  |TAMS 0x0000000719c00000, 0x0000000719c00000| Untracked 
| 126|0x0000000719e00000, 0x0000000719e00000, 0x000000071a000000|  0%| F|  |TAMS 0x0000000719e00000, 0x0000000719e00000| Untracked 
| 127|0x000000071a000000, 0x000000071a000000, 0x000000071a200000|  0%| F|  |TAMS 0x000000071a000000, 0x000000071a000000| Untracked 
| 128|0x000000071a200000, 0x000000071a200000, 0x000000071a400000|  0%| F|  |TAMS 0x000000071a200000, 0x000000071a200000| Untracked 
| 129|0x000000071a400000, 0x000000071a400000, 0x000000071a600000|  0%| F|  |TAMS 0x000000071a400000, 0x000000071a400000| Untracked 
| 130|0x000000071a600000, 0x000000071a600000, 0x000000071a800000|  0%| F|  |TAMS 0x000000071a600000, 0x000000071a600000| Untracked 
| 131|0x000000071a800000, 0x000000071a800000, 0x000000071aa00000|  0%| F|  |TAMS 0x000000071a800000, 0x000000071a800000| Untracked 
| 132|0x000000071aa00000, 0x000000071aa00000, 0x000000071ac00000|  0%| F|  |TAMS 0x000000071aa00000, 0x000000071aa00000| Untracked 
| 133|0x000000071ac00000, 0x000000071ac00000, 0x000000071ae00000|  0%| F|  |TAMS 0x000000071ac00000, 0x000000071ac00000| Untracked 
| 134|0x000000071ae00000, 0x000000071ae00000, 0x000000071b000000|  0%| F|  |TAMS 0x000000071ae00000, 0x000000071ae00000| Untracked 
| 135|0x000000071b000000, 0x000000071b000000, 0x000000071b200000|  0%| F|  |TAMS 0x000000071b000000, 0x000000071b000000| Untracked 
| 136|0x000000071b200000, 0x000000071b200000, 0x000000071b400000|  0%| F|  |TAMS 0x000000071b200000, 0x000000071b200000| Untracked 
| 137|0x000000071b400000, 0x000000071b400000, 0x000000071b600000|  0%| F|  |TAMS 0x000000071b400000, 0x000000071b400000| Untracked 
| 138|0x000000071b600000, 0x000000071b600000, 0x000000071b800000|  0%| F|  |TAMS 0x000000071b600000, 0x000000071b600000| Untracked 
| 139|0x000000071b800000, 0x000000071b800000, 0x000000071ba00000|  0%| F|  |TAMS 0x000000071b800000, 0x000000071b800000| Untracked 
| 140|0x000000071ba00000, 0x000000071ba00000, 0x000000071bc00000|  0%| F|  |TAMS 0x000000071ba00000, 0x000000071ba00000| Untracked 
| 141|0x000000071bc00000, 0x000000071bc00000, 0x000000071be00000|  0%| F|  |TAMS 0x000000071bc00000, 0x000000071bc00000| Untracked 
| 142|0x000000071be00000, 0x000000071be00000, 0x000000071c000000|  0%| F|  |TAMS 0x000000071be00000, 0x000000071be00000| Untracked 
| 143|0x000000071c000000, 0x000000071c000000, 0x000000071c200000|  0%| F|  |TAMS 0x000000071c000000, 0x000000071c000000| Untracked 
| 144|0x000000071c200000, 0x000000071c200000, 0x000000071c400000|  0%| F|  |TAMS 0x000000071c200000, 0x000000071c200000| Untracked 
| 145|0x000000071c400000, 0x000000071c400000, 0x000000071c600000|  0%| F|  |TAMS 0x000000071c400000, 0x000000071c400000| Untracked 
| 146|0x000000071c600000, 0x000000071c600000, 0x000000071c800000|  0%| F|  |TAMS 0x000000071c600000, 0x000000071c600000| Untracked 
| 147|0x000000071c800000, 0x000000071c800000, 0x000000071ca00000|  0%| F|  |TAMS 0x000000071c800000, 0x000000071c800000| Untracked 
| 148|0x000000071ca00000, 0x000000071ca00000, 0x000000071cc00000|  0%| F|  |TAMS 0x000000071ca00000, 0x000000071ca00000| Untracked 
| 149|0x000000071cc00000, 0x000000071cc00000, 0x000000071ce00000|  0%| F|  |TAMS 0x000000071cc00000, 0x000000071cc00000| Untracked 
| 150|0x000000071ce00000, 0x000000071ce00000, 0x000000071d000000|  0%| F|  |TAMS 0x000000071ce00000, 0x000000071ce00000| Untracked 
| 151|0x000000071d000000, 0x000000071d000000, 0x000000071d200000|  0%| F|  |TAMS 0x000000071d000000, 0x000000071d000000| Untracked 
| 152|0x000000071d200000, 0x000000071d200000, 0x000000071d400000|  0%| F|  |TAMS 0x000000071d200000, 0x000000071d200000| Untracked 
| 153|0x000000071d400000, 0x000000071d400000, 0x000000071d600000|  0%| F|  |TAMS 0x000000071d400000, 0x000000071d400000| Untracked 
| 154|0x000000071d600000, 0x000000071d600000, 0x000000071d800000|  0%| F|  |TAMS 0x000000071d600000, 0x000000071d600000| Untracked 
| 155|0x000000071d800000, 0x000000071d800000, 0x000000071da00000|  0%| F|  |TAMS 0x000000071d800000, 0x000000071d800000| Untracked 
| 156|0x000000071da00000, 0x000000071da00000, 0x000000071dc00000|  0%| F|  |TAMS 0x000000071da00000, 0x000000071da00000| Untracked 
| 157|0x000000071dc00000, 0x000000071dc00000, 0x000000071de00000|  0%| F|  |TAMS 0x000000071dc00000, 0x000000071dc00000| Untracked 
| 158|0x000000071de00000, 0x000000071de00000, 0x000000071e000000|  0%| F|  |TAMS 0x000000071de00000, 0x000000071de00000| Untracked 
| 159|0x000000071e000000, 0x000000071e000000, 0x000000071e200000|  0%| F|  |TAMS 0x000000071e000000, 0x000000071e000000| Untracked 
| 160|0x000000071e200000, 0x000000071e200000, 0x000000071e400000|  0%| F|  |TAMS 0x000000071e200000, 0x000000071e200000| Untracked 
| 161|0x000000071e400000, 0x000000071e400000, 0x000000071e600000|  0%| F|  |TAMS 0x000000071e400000, 0x000000071e400000| Untracked 
| 162|0x000000071e600000, 0x000000071e600000, 0x000000071e800000|  0%| F|  |TAMS 0x000000071e600000, 0x000000071e600000| Untracked 
| 163|0x000000071e800000, 0x000000071e800000, 0x000000071ea00000|  0%| F|  |TAMS 0x000000071e800000, 0x000000071e800000| Untracked 
| 164|0x000000071ea00000, 0x000000071ea00000, 0x000000071ec00000|  0%| F|  |TAMS 0x000000071ea00000, 0x000000071ea00000| Untracked 
| 165|0x000000071ec00000, 0x000000071ec00000, 0x000000071ee00000|  0%| F|  |TAMS 0x000000071ec00000, 0x000000071ec00000| Untracked 
| 166|0x000000071ee00000, 0x000000071ee00000, 0x000000071f000000|  0%| F|  |TAMS 0x000000071ee00000, 0x000000071ee00000| Untracked 
| 167|0x000000071f000000, 0x000000071f000000, 0x000000071f200000|  0%| F|  |TAMS 0x000000071f000000, 0x000000071f000000| Untracked 
| 168|0x000000071f200000, 0x000000071f200000, 0x000000071f400000|  0%| F|  |TAMS 0x000000071f200000, 0x000000071f200000| Untracked 
| 169|0x000000071f400000, 0x000000071f400000, 0x000000071f600000|  0%| F|  |TAMS 0x000000071f400000, 0x000000071f400000| Untracked 
| 170|0x000000071f600000, 0x000000071f600000, 0x000000071f800000|  0%| F|  |TAMS 0x000000071f600000, 0x000000071f600000| Untracked 
| 171|0x000000071f800000, 0x000000071f800000, 0x000000071fa00000|  0%| F|  |TAMS 0x000000071f800000, 0x000000071f800000| Untracked 
| 172|0x000000071fa00000, 0x000000071fa00000, 0x000000071fc00000|  0%| F|  |TAMS 0x000000071fa00000, 0x000000071fa00000| Untracked 
| 173|0x000000071fc00000, 0x000000071fc00000, 0x000000071fe00000|  0%| F|  |TAMS 0x000000071fc00000, 0x000000071fc00000| Untracked 
| 174|0x000000071fe00000, 0x0000000720000000, 0x0000000720000000|100%|HS|  |TAMS 0x0000000720000000, 0x000000071fe00000| Complete 
| 175|0x0000000720000000, 0x0000000720200000, 0x0000000720200000|100%|HC|  |TAMS 0x0000000720200000, 0x0000000720000000| Complete 
| 176|0x0000000720200000, 0x0000000720400000, 0x0000000720400000|100%|HC|  |TAMS 0x0000000720400000, 0x0000000720200000| Complete 
| 177|0x0000000720400000, 0x0000000720600000, 0x0000000720600000|100%|HC|  |TAMS 0x0000000720600000, 0x0000000720400000| Complete 
| 178|0x0000000720600000, 0x0000000720800000, 0x0000000720800000|100%|HC|  |TAMS 0x0000000720800000, 0x0000000720600000| Complete 
| 179|0x0000000720800000, 0x0000000720a00000, 0x0000000720a00000|100%|HC|  |TAMS 0x0000000720a00000, 0x0000000720800000| Complete 
| 180|0x0000000720a00000, 0x0000000720c00000, 0x0000000720c00000|100%|HC|  |TAMS 0x0000000720c00000, 0x0000000720a00000| Complete 
| 181|0x0000000720c00000, 0x0000000720e00000, 0x0000000720e00000|100%|HC|  |TAMS 0x0000000720e00000, 0x0000000720c00000| Complete 
| 182|0x0000000720e00000, 0x0000000721000000, 0x0000000721000000|100%|HC|  |TAMS 0x0000000721000000, 0x0000000720e00000| Complete 
| 183|0x0000000721000000, 0x0000000721200000, 0x0000000721200000|100%|HC|  |TAMS 0x0000000721200000, 0x0000000721000000| Complete 
| 184|0x0000000721200000, 0x0000000721400000, 0x0000000721400000|100%|HC|  |TAMS 0x0000000721400000, 0x0000000721200000| Complete 
| 185|0x0000000721400000, 0x0000000721600000, 0x0000000721600000|100%|HC|  |TAMS 0x0000000721600000, 0x0000000721400000| Complete 
| 186|0x0000000721600000, 0x0000000721800000, 0x0000000721800000|100%|HC|  |TAMS 0x0000000721800000, 0x0000000721600000| Complete 
| 187|0x0000000721800000, 0x0000000721a00000, 0x0000000721a00000|100%|HC|  |TAMS 0x0000000721a00000, 0x0000000721800000| Complete 
| 188|0x0000000721a00000, 0x0000000721c00000, 0x0000000721c00000|100%|HC|  |TAMS 0x0000000721c00000, 0x0000000721a00000| Complete 
| 189|0x0000000721c00000, 0x0000000721e00000, 0x0000000721e00000|100%|HC|  |TAMS 0x0000000721e00000, 0x0000000721c00000| Complete 
| 190|0x0000000721e00000, 0x0000000722000000, 0x0000000722000000|100%|HC|  |TAMS 0x0000000722000000, 0x0000000721e00000| Complete 
| 191|0x0000000722000000, 0x0000000722200000, 0x0000000722200000|100%|HC|  |TAMS 0x0000000722200000, 0x0000000722000000| Complete 
| 192|0x0000000722200000, 0x0000000722400000, 0x0000000722400000|100%|HC|  |TAMS 0x0000000722400000, 0x0000000722200000| Complete 
| 193|0x0000000722400000, 0x0000000722600000, 0x0000000722600000|100%|HC|  |TAMS 0x0000000722600000, 0x0000000722400000| Complete 
| 194|0x0000000722600000, 0x0000000722800000, 0x0000000722800000|100%|HC|  |TAMS 0x0000000722800000, 0x0000000722600000| Complete 
| 195|0x0000000722800000, 0x0000000722a00000, 0x0000000722a00000|100%|HC|  |TAMS 0x0000000722a00000, 0x0000000722800000| Complete 
| 196|0x0000000722a00000, 0x0000000722c00000, 0x0000000722c00000|100%|HC|  |TAMS 0x0000000722c00000, 0x0000000722a00000| Complete 
| 197|0x0000000722c00000, 0x0000000722e00000, 0x0000000722e00000|100%|HC|  |TAMS 0x0000000722e00000, 0x0000000722c00000| Complete 
| 198|0x0000000722e00000, 0x0000000723000000, 0x0000000723000000|100%|HC|  |TAMS 0x0000000723000000, 0x0000000722e00000| Complete 
| 199|0x0000000723000000, 0x0000000723200000, 0x0000000723200000|100%|HC|  |TAMS 0x0000000723200000, 0x0000000723000000| Complete 
| 200|0x0000000723200000, 0x0000000723400000, 0x0000000723400000|100%|HC|  |TAMS 0x0000000723400000, 0x0000000723200000| Complete 
| 201|0x0000000723400000, 0x0000000723600000, 0x0000000723600000|100%|HC|  |TAMS 0x0000000723600000, 0x0000000723400000| Complete 
| 202|0x0000000723600000, 0x0000000723800000, 0x0000000723800000|100%|HC|  |TAMS 0x0000000723800000, 0x0000000723600000| Complete 
| 203|0x0000000723800000, 0x0000000723a00000, 0x0000000723a00000|100%|HC|  |TAMS 0x0000000723a00000, 0x0000000723800000| Complete 
| 204|0x0000000723a00000, 0x0000000723c00000, 0x0000000723c00000|100%|HC|  |TAMS 0x0000000723c00000, 0x0000000723a00000| Complete 
| 205|0x0000000723c00000, 0x0000000723e00000, 0x0000000723e00000|100%|HC|  |TAMS 0x0000000723e00000, 0x0000000723c00000| Complete 
| 206|0x0000000723e00000, 0x0000000724000000, 0x0000000724000000|100%|HC|  |TAMS 0x0000000724000000, 0x0000000723e00000| Complete 
| 207|0x0000000724000000, 0x0000000724200000, 0x0000000724200000|100%|HC|  |TAMS 0x0000000724200000, 0x0000000724000000| Complete 
| 208|0x0000000724200000, 0x0000000724400000, 0x0000000724400000|100%|HC|  |TAMS 0x0000000724400000, 0x0000000724200000| Complete 
| 209|0x0000000724400000, 0x0000000724600000, 0x0000000724600000|100%|HC|  |TAMS 0x0000000724600000, 0x0000000724400000| Complete 
| 210|0x0000000724600000, 0x0000000724800000, 0x0000000724800000|100%|HC|  |TAMS 0x0000000724800000, 0x0000000724600000| Complete 
| 211|0x0000000724800000, 0x0000000724a00000, 0x0000000724a00000|100%|HC|  |TAMS 0x0000000724a00000, 0x0000000724800000| Complete 
| 212|0x0000000724a00000, 0x0000000724c00000, 0x0000000724c00000|100%|HC|  |TAMS 0x0000000724c00000, 0x0000000724a00000| Complete 
| 213|0x0000000724c00000, 0x0000000724e00000, 0x0000000724e00000|100%|HC|  |TAMS 0x0000000724e00000, 0x0000000724c00000| Complete 
| 214|0x0000000724e00000, 0x0000000725000000, 0x0000000725000000|100%|HC|  |TAMS 0x0000000725000000, 0x0000000724e00000| Complete 
| 215|0x0000000725000000, 0x0000000725200000, 0x0000000725200000|100%|HC|  |TAMS 0x0000000725200000, 0x0000000725000000| Complete 
| 216|0x0000000725200000, 0x0000000725400000, 0x0000000725400000|100%|HC|  |TAMS 0x0000000725400000, 0x0000000725200000| Complete 
| 217|0x0000000725400000, 0x0000000725600000, 0x0000000725600000|100%|HC|  |TAMS 0x0000000725600000, 0x0000000725400000| Complete 
| 218|0x0000000725600000, 0x0000000725800000, 0x0000000725800000|100%|HC|  |TAMS 0x0000000725800000, 0x0000000725600000| Complete 
| 219|0x0000000725800000, 0x0000000725a00000, 0x0000000725a00000|100%|HC|  |TAMS 0x0000000725a00000, 0x0000000725800000| Complete 
| 220|0x0000000725a00000, 0x0000000725c00000, 0x0000000725c00000|100%|HC|  |TAMS 0x0000000725c00000, 0x0000000725a00000| Complete 
| 221|0x0000000725c00000, 0x0000000725e00000, 0x0000000725e00000|100%|HC|  |TAMS 0x0000000725e00000, 0x0000000725c00000| Complete 
| 222|0x0000000725e00000, 0x0000000726000000, 0x0000000726000000|100%|HC|  |TAMS 0x0000000726000000, 0x0000000725e00000| Complete 
| 223|0x0000000726000000, 0x0000000726200000, 0x0000000726200000|100%|HC|  |TAMS 0x0000000726200000, 0x0000000726000000| Complete 
| 224|0x0000000726200000, 0x0000000726400000, 0x0000000726400000|100%|HC|  |TAMS 0x0000000726400000, 0x0000000726200000| Complete 
| 225|0x0000000726400000, 0x0000000726600000, 0x0000000726600000|100%|HC|  |TAMS 0x0000000726600000, 0x0000000726400000| Complete 
| 226|0x0000000726600000, 0x0000000726800000, 0x0000000726800000|100%|HC|  |TAMS 0x0000000726800000, 0x0000000726600000| Complete 
| 227|0x0000000726800000, 0x0000000726a00000, 0x0000000726a00000|100%|HC|  |TAMS 0x0000000726a00000, 0x0000000726800000| Complete 
| 228|0x0000000726a00000, 0x0000000726c00000, 0x0000000726c00000|100%|HC|  |TAMS 0x0000000726c00000, 0x0000000726a00000| Complete 
| 229|0x0000000726c00000, 0x0000000726e00000, 0x0000000726e00000|100%|HC|  |TAMS 0x0000000726e00000, 0x0000000726c00000| Complete 
| 230|0x0000000726e00000, 0x0000000727000000, 0x0000000727000000|100%|HC|  |TAMS 0x0000000727000000, 0x0000000726e00000| Complete 
| 231|0x0000000727000000, 0x0000000727200000, 0x0000000727200000|100%|HC|  |TAMS 0x0000000727200000, 0x0000000727000000| Complete 
| 232|0x0000000727200000, 0x0000000727400000, 0x0000000727400000|100%|HC|  |TAMS 0x0000000727400000, 0x0000000727200000| Complete 
| 233|0x0000000727400000, 0x0000000727600000, 0x0000000727600000|100%|HC|  |TAMS 0x0000000727600000, 0x0000000727400000| Complete 
| 234|0x0000000727600000, 0x0000000727800000, 0x0000000727800000|100%|HC|  |TAMS 0x0000000727800000, 0x0000000727600000| Complete 
| 235|0x0000000727800000, 0x0000000727a00000, 0x0000000727a00000|100%|HC|  |TAMS 0x0000000727a00000, 0x0000000727800000| Complete 
| 236|0x0000000727a00000, 0x0000000727c00000, 0x0000000727c00000|100%|HC|  |TAMS 0x0000000727c00000, 0x0000000727a00000| Complete 
| 237|0x0000000727c00000, 0x0000000727e00000, 0x0000000727e00000|100%|HC|  |TAMS 0x0000000727e00000, 0x0000000727c00000| Complete 
| 238|0x0000000727e00000, 0x0000000728000000, 0x0000000728000000|100%|HC|  |TAMS 0x0000000728000000, 0x0000000727e00000| Complete 
| 239|0x0000000728000000, 0x0000000728200000, 0x0000000728200000|100%|HC|  |TAMS 0x0000000728200000, 0x0000000728000000| Complete 
| 240|0x0000000728200000, 0x0000000728400000, 0x0000000728400000|100%|HC|  |TAMS 0x0000000728400000, 0x0000000728200000| Complete 
| 241|0x0000000728400000, 0x0000000728600000, 0x0000000728600000|100%|HC|  |TAMS 0x0000000728600000, 0x0000000728400000| Complete 
| 242|0x0000000728600000, 0x0000000728800000, 0x0000000728800000|100%|HC|  |TAMS 0x0000000728800000, 0x0000000728600000| Complete 
| 243|0x0000000728800000, 0x0000000728a00000, 0x0000000728a00000|100%|HC|  |TAMS 0x0000000728a00000, 0x0000000728800000| Complete 
| 244|0x0000000728a00000, 0x0000000728c00000, 0x0000000728c00000|100%|HC|  |TAMS 0x0000000728c00000, 0x0000000728a00000| Complete 
| 245|0x0000000728c00000, 0x0000000728e00000, 0x0000000728e00000|100%|HC|  |TAMS 0x0000000728e00000, 0x0000000728c00000| Complete 
| 246|0x0000000728e00000, 0x0000000729000000, 0x0000000729000000|100%|HC|  |TAMS 0x0000000729000000, 0x0000000728e00000| Complete 
| 247|0x0000000729000000, 0x0000000729000000, 0x0000000729200000|  0%| F|  |TAMS 0x0000000729000000, 0x0000000729000000| Untracked 
| 248|0x0000000729200000, 0x0000000729200000, 0x0000000729400000|  0%| F|  |TAMS 0x0000000729200000, 0x0000000729200000| Untracked 
| 249|0x0000000729400000, 0x0000000729400000, 0x0000000729600000|  0%| F|  |TAMS 0x0000000729400000, 0x0000000729400000| Untracked 
| 250|0x0000000729600000, 0x0000000729600000, 0x0000000729800000|  0%| F|  |TAMS 0x0000000729600000, 0x0000000729600000| Untracked 
| 251|0x0000000729800000, 0x0000000729800000, 0x0000000729a00000|  0%| F|  |TAMS 0x0000000729800000, 0x0000000729800000| Untracked 
| 252|0x0000000729a00000, 0x0000000729a00000, 0x0000000729c00000|  0%| F|  |TAMS 0x0000000729a00000, 0x0000000729a00000| Untracked 
| 253|0x0000000729c00000, 0x0000000729c00000, 0x0000000729e00000|  0%| F|  |TAMS 0x0000000729c00000, 0x0000000729c00000| Untracked 
| 254|0x0000000729e00000, 0x0000000729e00000, 0x000000072a000000|  0%| F|  |TAMS 0x0000000729e00000, 0x0000000729e00000| Untracked 
| 255|0x000000072a000000, 0x000000072a000000, 0x000000072a200000|  0%| F|  |TAMS 0x000000072a000000, 0x000000072a000000| Untracked 
| 256|0x000000072a200000, 0x000000072a200000, 0x000000072a400000|  0%| F|  |TAMS 0x000000072a200000, 0x000000072a200000| Untracked 
| 257|0x000000072a400000, 0x000000072a400000, 0x000000072a600000|  0%| F|  |TAMS 0x000000072a400000, 0x000000072a400000| Untracked 
| 258|0x000000072a600000, 0x000000072a600000, 0x000000072a800000|  0%| F|  |TAMS 0x000000072a600000, 0x000000072a600000| Untracked 
| 259|0x000000072a800000, 0x000000072a800000, 0x000000072aa00000|  0%| F|  |TAMS 0x000000072a800000, 0x000000072a800000| Untracked 
| 260|0x000000072aa00000, 0x000000072aa00000, 0x000000072ac00000|  0%| F|  |TAMS 0x000000072aa00000, 0x000000072aa00000| Untracked 
| 261|0x000000072ac00000, 0x000000072ac00000, 0x000000072ae00000|  0%| F|  |TAMS 0x000000072ac00000, 0x000000072ac00000| Untracked 
| 262|0x000000072ae00000, 0x000000072ae00000, 0x000000072b000000|  0%| F|  |TAMS 0x000000072ae00000, 0x000000072ae00000| Untracked 
| 263|0x000000072b000000, 0x000000072b000000, 0x000000072b200000|  0%| F|  |TAMS 0x000000072b000000, 0x000000072b000000| Untracked 
| 264|0x000000072b200000, 0x000000072b200000, 0x000000072b400000|  0%| F|  |TAMS 0x000000072b200000, 0x000000072b200000| Untracked 
| 265|0x000000072b400000, 0x000000072b400000, 0x000000072b600000|  0%| F|  |TAMS 0x000000072b400000, 0x000000072b400000| Untracked 
| 266|0x000000072b600000, 0x000000072b600000, 0x000000072b800000|  0%| F|  |TAMS 0x000000072b600000, 0x000000072b600000| Untracked 
| 267|0x000000072b800000, 0x000000072b800000, 0x000000072ba00000|  0%| F|  |TAMS 0x000000072b800000, 0x000000072b800000| Untracked 
| 268|0x000000072ba00000, 0x000000072ba00000, 0x000000072bc00000|  0%| F|  |TAMS 0x000000072ba00000, 0x000000072ba00000| Untracked 
| 269|0x000000072bc00000, 0x000000072bc00000, 0x000000072be00000|  0%| F|  |TAMS 0x000000072bc00000, 0x000000072bc00000| Untracked 
| 270|0x000000072be00000, 0x000000072be00000, 0x000000072c000000|  0%| F|  |TAMS 0x000000072be00000, 0x000000072be00000| Untracked 
| 271|0x000000072c000000, 0x000000072c000000, 0x000000072c200000|  0%| F|  |TAMS 0x000000072c000000, 0x000000072c000000| Untracked 
| 272|0x000000072c200000, 0x000000072c200000, 0x000000072c400000|  0%| F|  |TAMS 0x000000072c200000, 0x000000072c200000| Untracked 
| 273|0x000000072c400000, 0x000000072c400000, 0x000000072c600000|  0%| F|  |TAMS 0x000000072c400000, 0x000000072c400000| Untracked 
| 274|0x000000072c600000, 0x000000072c600000, 0x000000072c800000|  0%| F|  |TAMS 0x000000072c600000, 0x000000072c600000| Untracked 
| 275|0x000000072c800000, 0x000000072c800000, 0x000000072ca00000|  0%| F|  |TAMS 0x000000072c800000, 0x000000072c800000| Untracked 
| 276|0x000000072ca00000, 0x000000072ca00000, 0x000000072cc00000|  0%| F|  |TAMS 0x000000072ca00000, 0x000000072ca00000| Untracked 
| 277|0x000000072cc00000, 0x000000072cc00000, 0x000000072ce00000|  0%| F|  |TAMS 0x000000072cc00000, 0x000000072cc00000| Untracked 
| 278|0x000000072ce00000, 0x000000072ce00000, 0x000000072d000000|  0%| F|  |TAMS 0x000000072ce00000, 0x000000072ce00000| Untracked 
| 279|0x000000072d000000, 0x000000072d000000, 0x000000072d200000|  0%| F|  |TAMS 0x000000072d000000, 0x000000072d000000| Untracked 
| 280|0x000000072d200000, 0x000000072d200000, 0x000000072d400000|  0%| F|  |TAMS 0x000000072d200000, 0x000000072d200000| Untracked 
| 281|0x000000072d400000, 0x000000072d400000, 0x000000072d600000|  0%| F|  |TAMS 0x000000072d400000, 0x000000072d400000| Untracked 
| 282|0x000000072d600000, 0x000000072d600000, 0x000000072d800000|  0%| F|  |TAMS 0x000000072d600000, 0x000000072d600000| Untracked 
| 283|0x000000072d800000, 0x000000072d800000, 0x000000072da00000|  0%| F|  |TAMS 0x000000072d800000, 0x000000072d800000| Untracked 
| 284|0x000000072da00000, 0x000000072da00000, 0x000000072dc00000|  0%| F|  |TAMS 0x000000072da00000, 0x000000072da00000| Untracked 
| 285|0x000000072dc00000, 0x000000072dc00000, 0x000000072de00000|  0%| F|  |TAMS 0x000000072dc00000, 0x000000072dc00000| Untracked 
| 286|0x000000072de00000, 0x000000072de00000, 0x000000072e000000|  0%| F|  |TAMS 0x000000072de00000, 0x000000072de00000| Untracked 
| 287|0x000000072e000000, 0x000000072e000000, 0x000000072e200000|  0%| F|  |TAMS 0x000000072e000000, 0x000000072e000000| Untracked 
| 288|0x000000072e200000, 0x000000072e200000, 0x000000072e400000|  0%| F|  |TAMS 0x000000072e200000, 0x000000072e200000| Untracked 
| 289|0x000000072e400000, 0x000000072e400000, 0x000000072e600000|  0%| F|  |TAMS 0x000000072e400000, 0x000000072e400000| Untracked 
| 290|0x000000072e600000, 0x000000072e600000, 0x000000072e800000|  0%| F|  |TAMS 0x000000072e600000, 0x000000072e600000| Untracked 
| 291|0x000000072e800000, 0x000000072e800000, 0x000000072ea00000|  0%| F|  |TAMS 0x000000072e800000, 0x000000072e800000| Untracked 
|1966|0x00000007ffe00000, 0x00000007ffe01400, 0x0000000800000000|  0%| O|  |TAMS 0x00000007ffe01400, 0x00000007ffe00000| Untracked 

Card table byte_map: [0x00000183f9880000,0x00000183fa030000] _byte_map_base: 0x00000183f602f000

Marking Bits (Prev, Next): (CMBitMap*) 0x00000183f110bb10, (CMBitMap*) 0x00000183f110bb50
 Prev Bits: [0x00000183fa7e0000, 0x00000183fe558000)
 Next Bits: [0x000001838f000000, 0x0000018392d78000)

Polling page: 0x00000183ef000000

Metaspace:

Usage:
  Non-class:    993.25 KB used.
      Class:     76.91 KB used.
       Both:      1.05 MB used.

Virtual space:
  Non-class space:        8.00 MB reserved,       1.06 MB ( 13%) committed,  1 nodes.
      Class space:        1.00 GB reserved,     192.00 KB ( <1%) committed,  1 nodes.
              Both:        1.01 GB reserved,       1.25 MB ( <1%) committed. 

Chunk freelists:
   Non-Class:  3.96 MB
       Class:  3.74 MB
        Both:  7.70 MB

MaxMetaspaceSize: 17179869184.00 GB
CompressedClassSpaceSize: 1.00 GB
 - commit_granule_bytes: 65536.
 - commit_granule_words: 8192.
 - virtual_space_node_default_size: 1048576.
 - enlarge_chunks_in_place: 1.
 - new_chunks_are_fully_committed: 0.
 - uncommit_free_chunks: 1.
 - use_allocation_guard: 0.
 - handle_deallocations: 1.


Internal statistics:

num_allocs_failed_limit: 0.
num_arena_births: 14.
num_arena_deaths: 0.
num_vsnodes_births: 2.
num_vsnodes_deaths: 0.
num_space_committed: 20.
num_space_uncommitted: 0.
num_chunks_returned_to_freelist: 0.
num_chunks_taken_from_freelist: 20.
num_chunk_merges: 0.
num_chunk_splits: 10.
num_chunks_enlarged: 5.
num_purges: 0.

CodeHeap 'non-profiled nmethods': size=119168Kb used=124Kb max_used=124Kb free=119043Kb
 bounds [0x0000018387ba0000, 0x0000018387e10000, 0x000001838f000000]
CodeHeap 'profiled nmethods': size=119104Kb used=392Kb max_used=392Kb free=118711Kb
 bounds [0x0000018380750000, 0x00000183809c0000, 0x0000018387ba0000]
CodeHeap 'non-nmethods': size=7488Kb used=1136Kb max_used=2282Kb free=6351Kb
 bounds [0x0000018380000000, 0x0000018380270000, 0x0000018380750000]
 total_blobs=722 nmethods=306 adapters=329
 compilation: enabled
              stopped_count=0, restarted_count=0
 full_count=0

Compilation events (20 events):
Event: 1.272 Thread 0x00000183ff512330 nmethod 296 0x00000183807aee10 code [0x00000183807aefc0, 0x00000183807af2b8]
Event: 1.272 Thread 0x00000183ff512330  297       3       java.util.LinkedHashMap::linkNodeLast (33 bytes)
Event: 1.272 Thread 0x00000183ff512330 nmethod 297 0x00000183807af390 code [0x00000183807af540, 0x00000183807af878]
Event: 1.272 Thread 0x00000183ff512330  298       3       java.util.LinkedHashMap::afterNodeInsertion (40 bytes)
Event: 1.272 Thread 0x00000183ff512330 nmethod 298 0x00000183807af990 code [0x00000183807afb40, 0x00000183807afd38]
Event: 1.273 Thread 0x00000183958e7e30 nmethod 295 0x00000183807afe10 code [0x00000183807affe0, 0x00000183807b0408]
Event: 1.273 Thread 0x00000183ff512330  299       3       java.util.HashSet::contains (9 bytes)
Event: 1.273 Thread 0x00000183ff512330 nmethod 299 0x00000183807b0590 code [0x00000183807b0740, 0x00000183807b09c8]
Event: 1.277 Thread 0x00000183ff510920  300       4       java.util.HashMap::put (13 bytes)
Event: 1.277 Thread 0x00000183958e7e30  301       3       jdk.internal.misc.Unsafe::putReferenceRelease (9 bytes)
Event: 1.277 Thread 0x00000183ff512330  303       3       java.util.concurrent.ConcurrentHashMap::setTabAt (20 bytes)
Event: 1.277 Thread 0x00000183958e7e30 nmethod 301 0x00000183807b0a90 code [0x00000183807b0c20, 0x00000183807b0d98]
Event: 1.277 Thread 0x00000183ff512330 nmethod 303 0x00000183807b0e10 code [0x00000183807b0fc0, 0x00000183807b11e8]
Event: 1.277 Thread 0x00000183958e7e30  304       3       java.lang.AbstractStringBuilder::<init> (39 bytes)
Event: 1.277 Thread 0x00000183ff512330  305       3       java.lang.StringBuilder::toString (35 bytes)
Event: 1.278 Thread 0x00000183958e7e30 nmethod 304 0x00000183807b1290 code [0x00000183807b1440, 0x00000183807b16d8]
Event: 1.278 Thread 0x00000183958e7e30  306       3       java.lang.StringLatin1::inflate (34 bytes)
Event: 1.278 Thread 0x00000183ff512330 nmethod 305 0x00000183807b1790 code [0x00000183807b1960, 0x00000183807b1c38]
Event: 1.278 Thread 0x00000183958e7e30 nmethod 306 0x00000183807b1d10 code [0x00000183807b1ec0, 0x00000183807b20d8]
Event: 1.295 Thread 0x00000183ff510920 nmethod 300 0x0000018387bbd690 code [0x0000018387bbd8a0, 0x0000018387bbebb8]

GC Heap History (20 events):
Event: 9.221 GC heap after
{Heap after GC invocations=120 (full 0):
 garbage-first heap   total 595968K, used 245224K [0x000000070a200000, 0x0000000800000000)
  region size 2048K, 1 young (2048K), 1 survivors (2048K)
 Metaspace       used 1070K, committed 1280K, reserved 1056768K
  class space    used 76K, committed 192K, reserved 1048576K
}
Event: 9.309 GC heap before
{Heap before GC invocations=120 (full 0):
 garbage-first heap   total 595968K, used 529896K [0x000000070a200000, 0x0000000800000000)
  region size 2048K, 140 young (286720K), 1 survivors (2048K)
 Metaspace       used 1070K, committed 1280K, reserved 1056768K
  class space    used 76K, committed 192K, reserved 1048576K
}
Event: 9.310 GC heap after
{Heap after GC invocations=121 (full 0):
 garbage-first heap   total 595968K, used 245224K [0x000000070a200000, 0x0000000800000000)
  region size 2048K, 1 young (2048K), 1 survivors (2048K)
 Metaspace       used 1070K, committed 1280K, reserved 1056768K
  class space    used 76K, committed 192K, reserved 1048576K
}
Event: 9.398 GC heap before
{Heap before GC invocations=121 (full 0):
 garbage-first heap   total 595968K, used 529896K [0x000000070a200000, 0x0000000800000000)
  region size 2048K, 140 young (286720K), 1 survivors (2048K)
 Metaspace       used 1070K, committed 1280K, reserved 1056768K
  class space    used 76K, committed 192K, reserved 1048576K
}
Event: 9.398 GC heap after
{Heap after GC invocations=122 (full 0):
 garbage-first heap   total 595968K, used 245224K [0x000000070a200000, 0x0000000800000000)
  region size 2048K, 1 young (2048K), 1 survivors (2048K)
 Metaspace       used 1070K, committed 1280K, reserved 1056768K
  class space    used 76K, committed 192K, reserved 1048576K
}
Event: 9.408 GC heap before
{Heap before GC invocations=122 (full 0):
 garbage-first heap   total 595968K, used 273896K [0x000000070a200000, 0x0000000800000000)
  region size 2048K, 16 young (32768K), 1 survivors (2048K)
 Metaspace       used 1070K, committed 1280K, reserved 1056768K
  class space    used 76K, committed 192K, reserved 1048576K
}
Event: 9.408 GC heap after
{Heap after GC invocations=123 (full 0):
 garbage-first heap   total 595968K, used 245224K [0x000000070a200000, 0x0000000800000000)
  region size 2048K, 1 young (2048K), 1 survivors (2048K)
 Metaspace       used 1070K, committed 1280K, reserved 1056768K
  class space    used 76K, committed 192K, reserved 1048576K
}
Event: 9.487 GC heap before
{Heap before GC invocations=123 (full 0):
 garbage-first heap   total 595968K, used 593384K [0x000000070a200000, 0x0000000800000000)
  region size 2048K, 98 young (200704K), 1 survivors (2048K)
 Metaspace       used 1070K, committed 1280K, reserved 1056768K
  class space    used 76K, committed 192K, reserved 1048576K
}
Event: 9.487 GC heap after
{Heap after GC invocations=124 (full 0):
 garbage-first heap   total 600064K, used 318954K [0x000000070a200000, 0x0000000800000000)
  region size 2048K, 1 young (2048K), 1 survivors (2048K)
 Metaspace       used 1070K, committed 1280K, reserved 1056768K
  class space    used 76K, committed 192K, reserved 1048576K
}
Event: 9.556 GC heap before
{Heap before GC invocations=124 (full 0):
 garbage-first heap   total 600064K, used 531946K [0x000000070a200000, 0x0000000800000000)
  region size 2048K, 105 young (215040K), 1 survivors (2048K)
 Metaspace       used 1070K, committed 1280K, reserved 1056768K
  class space    used 76K, committed 192K, reserved 1048576K
}
Event: 9.556 GC heap after
{Heap after GC invocations=125 (full 0):
 garbage-first heap   total 600064K, used 318955K [0x000000070a200000, 0x0000000800000000)
  region size 2048K, 0 young (0K), 0 survivors (0K)
 Metaspace       used 1070K, committed 1280K, reserved 1056768K
  class space    used 76K, committed 192K, reserved 1048576K
}
Event: 9.627 GC heap before
{Heap before GC invocations=126 (full 0):
 garbage-first heap   total 600064K, used 533995K [0x000000070a200000, 0x0000000800000000)
  region size 2048K, 105 young (215040K), 0 survivors (0K)
 Metaspace       used 1070K, committed 1280K, reserved 1056768K
  class space    used 76K, committed 192K, reserved 1048576K
}
Event: 9.628 GC heap after
{Heap after GC invocations=127 (full 0):
 garbage-first heap   total 600064K, used 318955K [0x000000070a200000, 0x0000000800000000)
  region size 2048K, 0 young (0K), 0 survivors (0K)
 Metaspace       used 1070K, committed 1280K, reserved 1056768K
  class space    used 76K, committed 192K, reserved 1048576K
}
Event: 9.696 GC heap before
{Heap before GC invocations=127 (full 0):
 garbage-first heap   total 600064K, used 533995K [0x000000070a200000, 0x0000000800000000)
  region size 2048K, 105 young (215040K), 0 survivors (0K)
 Metaspace       used 1070K, committed 1280K, reserved 1056768K
  class space    used 76K, committed 192K, reserved 1048576K
}
Event: 9.697 GC heap after
{Heap after GC invocations=128 (full 0):
 garbage-first heap   total 600064K, used 318955K [0x000000070a200000, 0x0000000800000000)
  region size 2048K, 0 young (0K), 0 survivors (0K)
 Metaspace       used 1070K, committed 1280K, reserved 1056768K
  class space    used 76K, committed 192K, reserved 1048576K
}
Event: 9.765 GC heap before
{Heap before GC invocations=129 (full 0):
 garbage-first heap   total 600064K, used 533995K [0x000000070a200000, 0x0000000800000000)
  region size 2048K, 105 young (215040K), 0 survivors (0K)
 Metaspace       used 1070K, committed 1280K, reserved 1056768K
  class space    used 76K, committed 192K, reserved 1048576K
}
Event: 9.766 GC heap after
{Heap after GC invocations=130 (full 0):
 garbage-first heap   total 600064K, used 318955K [0x000000070a200000, 0x0000000800000000)
  region size 2048K, 0 young (0K), 0 survivors (0K)
 Metaspace       used 1070K, committed 1280K, reserved 1056768K
  class space    used 76K, committed 192K, reserved 1048576K
}
Event: 9.834 GC heap before
{Heap before GC invocations=130 (full 0):
 garbage-first heap   total 600064K, used 533995K [0x000000070a200000, 0x0000000800000000)
  region size 2048K, 105 young (215040K), 0 survivors (0K)
 Metaspace       used 1070K, committed 1280K, reserved 1056768K
  class space    used 76K, committed 192K, reserved 1048576K
}
Event: 9.835 GC heap after
{Heap after GC invocations=131 (full 0):
 garbage-first heap   total 600064K, used 318955K [0x000000070a200000, 0x0000000800000000)
  region size 2048K, 0 young (0K), 0 survivors (0K)
 Metaspace       used 1070K, committed 1280K, reserved 1056768K
  class space    used 76K, committed 192K, reserved 1048576K
}
Event: 9.905 GC heap before
{Heap before GC invocations=132 (full 0):
 garbage-first heap   total 600064K, used 533995K [0x000000070a200000, 0x0000000800000000)
  region size 2048K, 105 young (215040K), 0 survivors (0K)
 Metaspace       used 1070K, committed 1280K, reserved 1056768K
  class space    used 76K, committed 192K, reserved 1048576K
}

Deoptimization events (12 events):
Event: 0.084 Thread 0x00000183959aa0b0 Uncommon trap: trap_request=0xffffff45 fr.pc=0x0000018387bb5060 relative=0x0000000000000620
Event: 0.084 Thread 0x00000183959aa0b0 Uncommon trap: reason=unstable_if action=reinterpret pc=0x0000018387bb5060 method=java.lang.Integer.getChars(II[B)I @ 25 c2
Event: 0.084 Thread 0x00000183959aa0b0 DEOPT PACKING pc=0x0000018387bb5060 sp=0x0000006bac4fe800
Event: 0.084 Thread 0x00000183959aa0b0 DEOPT UNPACKING pc=0x000001838004d72e sp=0x0000006bac4fe748 mode 2
Event: 0.084 Thread 0x00000183959aa0b0 Uncommon trap: trap_request=0xffffff45 fr.pc=0x0000018387bb341c relative=0x00000000000000fc
Event: 0.084 Thread 0x00000183959aa0b0 Uncommon trap: reason=unstable_if action=reinterpret pc=0x0000018387bb341c method=java.lang.Integer.getChars(II[B)I @ 25 c2
Event: 0.084 Thread 0x00000183959aa0b0 DEOPT PACKING pc=0x0000018387bb341c sp=0x0000006bac4fe930
Event: 0.084 Thread 0x00000183959aa0b0 DEOPT UNPACKING pc=0x000001838004d72e sp=0x0000006bac4fe8b8 mode 2
Event: 0.112 Thread 0x00000183f10bb5d0 DEOPT PACKING pc=0x000001838079610a sp=0x0000006bab1fe4d0
Event: 0.112 Thread 0x00000183f10bb5d0 DEOPT UNPACKING pc=0x000001838004dece sp=0x0000006bab1fd9e8 mode 0
Event: 0.114 Thread 0x00000183f10bb5d0 DEOPT PACKING pc=0x0000018380796195 sp=0x0000006bab1fe450
Event: 0.114 Thread 0x00000183f10bb5d0 DEOPT UNPACKING pc=0x000001838004dece sp=0x0000006bab1fd968 mode 0

Classes unloaded (0 events):
No events

Classes redefined (0 events):
No events

Internal exceptions (3 events):
Event: 0.074 Thread 0x00000183959aa0b0 Exception <a 'java/lang/NoSuchMethodError'{0x000000071947a4e0}: 'java.lang.Object java.lang.invoke.DirectMethodHandle$Holder.invokeStatic(java.lang.Object)'> (0x000000071947a4e0) 
thrown [t:\workspace\open\src\hotspot\share\interpreter\linkResolver.cpp, line 790]
Event: 0.074 Thread 0x00000183959aa0b0 Exception <a 'java/lang/NoSuchMethodError'{0x000000071947ddf0}: 'java.lang.Object java.lang.invoke.DirectMethodHandle$Holder.invokeStaticInit(java.lang.Object)'> (0x000000071947ddf0) 
thrown [t:\workspace\open\src\hotspot\share\interpreter\linkResolver.cpp, line 790]
Event: 0.081 Thread 0x00000183959aa0b0 Exception <a 'java/lang/NoSuchMethodError'{0x000000071948b8f8}: 'void java.lang.invoke.DirectMethodHandle$Holder.invokeStatic(java.lang.Object, java.lang.Object)'> (0x000000071948b8f8) 
thrown [t:\workspace\open\src\hotspot\share\interpreter\linkResolver.cpp, line 790]

Events (20 events):
Event: 9.559 Executing  VM operation: G1Concurrent done
Event: 9.559 Executing  VM operation: G1Concurrent
Event: 9.559 Executing  VM operation: G1Concurrent done
Event: 9.627 Executing  VM operation: G1CollectForAllocation
Event: 9.628 Executing  VM operation: G1CollectForAllocation done
Event: 9.696 Executing  VM operation: G1CollectForAllocation
Event: 9.697 Executing  VM operation: G1CollectForAllocation done
Event: 9.699 Executing  VM operation: G1Concurrent
Event: 9.699 Executing  VM operation: G1Concurrent done
Event: 9.700 Executing  VM operation: G1Concurrent
Event: 9.700 Executing  VM operation: G1Concurrent done
Event: 9.765 Executing  VM operation: G1CollectForAllocation
Event: 9.766 Executing  VM operation: G1CollectForAllocation done
Event: 9.834 Executing  VM operation: G1CollectForAllocation
Event: 9.835 Executing  VM operation: G1CollectForAllocation done
Event: 9.837 Executing  VM operation: G1Concurrent
Event: 9.837 Executing  VM operation: G1Concurrent done
Event: 9.838 Executing  VM operation: G1Concurrent
Event: 9.838 Executing  VM operation: G1Concurrent done
Event: 9.905 Executing  VM operation: G1CollectForAllocation


Dynamic libraries:
0x00007ff6c1c00000 - 0x00007ff6c1c10000 	D:\Java\bin\java.exe
0x00007ff81d090000 - 0x00007ff81d285000 	C:\WINDOWS\SYSTEM32\ntdll.dll
0x00007ff81c280000 - 0x00007ff81c33e000 	C:\WINDOWS\System32\KERNEL32.DLL
0x00007ff81aab0000 - 0x00007ff81ad78000 	C:\WINDOWS\System32\KERNELBASE.dll
0x00007ff81ae80000 - 0x00007ff81af80000 	C:\WINDOWS\System32\ucrtbase.dll
0x00007ff8139b0000 - 0x00007ff8139c8000 	D:\Java\bin\jli.dll
0x00007ff8139d0000 - 0x00007ff8139e9000 	D:\Java\bin\VCRUNTIME140.dll
0x00007ff81b560000 - 0x00007ff81b60e000 	C:\WINDOWS\System32\ADVAPI32.dll
0x00007ff81cef0000 - 0x00007ff81cf8e000 	C:\WINDOWS\System32\msvcrt.dll
0x00007ff81cde0000 - 0x00007ff81ce7c000 	C:\WINDOWS\System32\sechost.dll
0x00007ff81bfd0000 - 0x00007ff81c0f5000 	C:\WINDOWS\System32\RPCRT4.dll
0x00007ff81be30000 - 0x00007ff81bfd0000 	C:\WINDOWS\System32\USER32.dll
0x00007ff81afb0000 - 0x00007ff81afd2000 	C:\WINDOWS\System32\win32u.dll
0x00007ff81c170000 - 0x00007ff81c19a000 	C:\WINDOWS\System32\GDI32.dll
0x00007ff81afe0000 - 0x00007ff81b0eb000 	C:\WINDOWS\System32\gdi32full.dll
0x00007ff801d70000 - 0x00007ff80200a000 	C:\WINDOWS\WinSxS\amd64_microsoft.windows.common-controls_6595b64144ccf1df_6.0.19041.1110_none_60b5254171f9507e\COMCTL32.dll
0x00007ff81a840000 - 0x00007ff81a8dd000 	C:\WINDOWS\System32\msvcp_win.dll
0x00007ff80d540000 - 0x00007ff80d54a000 	C:\WINDOWS\SYSTEM32\VERSION.dll
0x00007ff81cb90000 - 0x00007ff81cbc0000 	C:\WINDOWS\System32\IMM32.DLL
0x00007ff814aa0000 - 0x00007ff814aac000 	D:\Java\bin\vcruntime140_1.dll
0x00007fffedcb0000 - 0x00007fffedd41000 	D:\Java\bin\msvcp140.dll
0x00007fffe8a30000 - 0x00007fffe95db000 	D:\Java\bin\server\jvm.dll
0x00007ff81c270000 - 0x00007ff81c278000 	C:\WINDOWS\System32\PSAPI.DLL
0x00007ff814a30000 - 0x00007ff814a39000 	C:\WINDOWS\SYSTEM32\WSOCK32.dll
0x00007ff81c100000 - 0x00007ff81c16b000 	C:\WINDOWS\System32\WS2_32.dll
0x00007ff80d510000 - 0x00007ff80d537000 	C:\WINDOWS\SYSTEM32\WINMM.dll
0x00007ff819090000 - 0x00007ff8190a2000 	C:\WINDOWS\SYSTEM32\kernel.appcore.dll
0x00007ff8136b0000 - 0x00007ff8136ba000 	D:\Java\bin\jimage.dll
0x00007ff8185f0000 - 0x00007ff8187d4000 	C:\WINDOWS\SYSTEM32\DBGHELP.DLL
0x00007ff80fe20000 - 0x00007ff80fe4c000 	C:\WINDOWS\SYSTEM32\dbgcore.DLL
0x00007ff81a7b0000 - 0x00007ff81a832000 	C:\WINDOWS\System32\bcryptPrimitives.dll
0x00007ff8136a0000 - 0x00007ff8136ae000 	D:\Java\bin\instrument.dll
0x00007ff810730000 - 0x00007ff810755000 	D:\Java\bin\java.dll
0x00007ff81c420000 - 0x00007ff81cb64000 	C:\WINDOWS\System32\SHELL32.dll
0x00007ff818850000 - 0x00007ff818fe4000 	C:\WINDOWS\SYSTEM32\windows.storage.dll
0x00007ff81b7b0000 - 0x00007ff81bb04000 	C:\WINDOWS\System32\combase.dll
0x00007ff81a1b0000 - 0x00007ff81a1dc000 	C:\WINDOWS\SYSTEM32\Wldp.dll
0x00007ff81bba0000 - 0x00007ff81bc4d000 	C:\WINDOWS\System32\SHCORE.dll
0x00007ff81cf90000 - 0x00007ff81cfe5000 	C:\WINDOWS\System32\shlwapi.dll
0x00007ff81a6f0000 - 0x00007ff81a70f000 	C:\WINDOWS\SYSTEM32\profapi.dll
0x00007ffff1e30000 - 0x00007ffff1e48000 	D:\Java\bin\zip.dll
0x00007ff810710000 - 0x00007ff810729000 	D:\Java\bin\net.dll
0x00007ff810a10000 - 0x00007ff810b1a000 	C:\WINDOWS\SYSTEM32\WINHTTP.dll
0x00007ff819eb0000 - 0x00007ff819f1a000 	C:\WINDOWS\system32\mswsock.dll
0x00007ff80a010000 - 0x00007ff80a023000 	D:\Java\bin\nio.dll
0x00007ffff0d20000 - 0x00007ffff0d3a000 	D:\IntelliJ IDEA 2021.2.2\bin\breakgen64.dll

dbghelp: loaded successfully - version: 4.0.5 - missing functions: none
symbol engine: initialized successfully - sym options: 0x614 - pdb path: .;D:\Java\bin;C:\WINDOWS\SYSTEM32;C:\WINDOWS\WinSxS\amd64_microsoft.windows.common-controls_6595b64144ccf1df_6.0.19041.1110_none_60b5254171f9507e;D:\Java\bin\server;D:\IntelliJ IDEA 2021.2.2\bin

VM Arguments:
jvm_args: -javaagent:D:\IntelliJ IDEA 2021.2.2\lib\idea_rt.jar=52611:D:\IntelliJ IDEA 2021.2.2\bin -Dfile.encoding=UTF-8 
java_command: haikang.Demo1
java_class_path (initial): D:\ProgrammingSpace\Java\LeetCodeSpce\out\production\LeetCode
Launcher Type: SUN_STANDARD

[Global flags]
     intx CICompilerCount                          = 12                                        {product} {ergonomic}
     uint ConcGCThreads                            = 3                                         {product} {ergonomic}
     uint G1ConcRefinementThreads                  = 13                                        {product} {ergonomic}
   size_t G1HeapRegionSize                         = 2097152                                   {product} {ergonomic}
    uintx GCDrainStackTargetSize                   = 64                                        {product} {ergonomic}
   size_t InitialHeapSize                          = 257949696                                 {product} {ergonomic}
   size_t MarkStackSize                            = 4194304                                   {product} {ergonomic}
   size_t MaxHeapSize                              = 4125097984                                {product} {ergonomic}
   size_t MaxNewSize                               = 2474639360                                {product} {ergonomic}
   size_t MinHeapDeltaBytes                        = 2097152                                   {product} {ergonomic}
   size_t MinHeapSize                              = 8388608                                   {product} {ergonomic}
    uintx NonNMethodCodeHeapSize                   = 7602480                                {pd product} {ergonomic}
    uintx NonProfiledCodeHeapSize                  = 122027880                              {pd product} {ergonomic}
    uintx ProfiledCodeHeapSize                     = 122027880                              {pd product} {ergonomic}
    uintx ReservedCodeCacheSize                    = 251658240                              {pd product} {ergonomic}
     bool SegmentedCodeCache                       = true                                      {product} {ergonomic}
   size_t SoftMaxHeapSize                          = 4125097984                             {manageable} {ergonomic}
     bool UseCompressedClassPointers               = true                           {product lp64_product} {ergonomic}
     bool UseCompressedOops                        = true                           {product lp64_product} {ergonomic}
     bool UseG1GC                                  = true                                      {product} {ergonomic}
     bool UseLargePagesIndividualAllocation        = false                                  {pd product} {ergonomic}

Logging:
Log output configuration:
 #0: stdout all=warning uptime,level,tags
 #1: stderr all=off uptime,level,tags

Environment Variables:
JAVA_HOME=D:\Java
CLASSPATH=.;D:\Java\lib\dt.jar;D:\Java\lib\tools.jar;D:\Java\lib\algs4.jar
PATH=C:\Python310\Scripts\;C:\Python310\;D:\VMvare\bin\;C:\Program Files\Common Files\Oracle\Java\javapath;C:\WINDOWS\system32;C:\WINDOWS;C:\WINDOWS\System32\Wbem;C:\WINDOWS\System32\WindowsPowerShell\v1.0\;C:\WINDOWS\System32\OpenSSH\;D:\Java\bin;D:\Java\jre\bin;C:\ProgramData\chocolatey\bin;C:\Program Files\Git\cmd;D:\MinGW\bin;D:\XShell7\;D:\MySQL\mysql-8.0.27-winx64\mysql-8.0.27-winx64\bin;D:\nvm;D:\nvm\v12.17.0;D:\node-v12.17.0-win-x64\node-v12.17.0-win-x64;D:\blog\node_modules\.bin;C:\Program Files\Git\bin;C:\Program Files\Git\cmd;D:\nodejs\;D:\chromeDriver;D:\xftp7\;D:\Anaconda;D:\Anaconda\Library\mingw-w64\bin;D:\Anaconda\Library\usr\bin;D:\Anaconda\Library\bin;D:\Anaconda\Scripts;D:\Python\Scripts\;D:\Python\;C:\Users\ChrisPeng\AppData\Local\Microsoft\WindowsApps;D:\IntelliJ IDEA 2021.2.2\bin;;D:\PyCharm 2020.3.2\bin;;D:\Microsoft VS Code\bin;D:\CLion 2021.2.3\bin;;C:\Program Files\Bandizip\;C:\Users\ChrisPeng\AppData\Roaming\npm;D:\PyCharm Community Edition 2021.3.1\bin;
USERNAME=ChrisPeng
OS=Windows_NT
PROCESSOR_IDENTIFIER=AMD64 Family 23 Model 96 Stepping 1, AuthenticAMD



---------------  S Y S T E M  ---------------

OS:
 Windows 10 , 64 bit Build 19041 (10.0.19041.1645)
OS uptime: 2 days 10:00 hours

CPU: total 16 (initial active 16) (16 cores per cpu, 2 threads per core) family 23 model 96 stepping 1 microcode 0x0, cx8, cmov, fxsr, ht, mmx, 3dnowpref, sse, sse2, sse3, ssse3, sse4a, sse4.1, sse4.2, popcnt, lzcnt, tsc, tscinvbit, avx, avx2, aes, clmul, bmi1, bmi2, adx, sha, fma, vzeroupper, clflush, clflushopt

Memory: 4k page, system-wide physical 15734M (576M free)
TotalPageFile size 28534M (AvailPageFile size 259M)
current process WorkingSet (physical memory assigned to process): 627M, peak: 785M
current process commit charge ("private bytes"): 701M, peak: 1073M

vm_info: Java HotSpot(TM) 64-Bit Server VM (16.0.2+7-67) for windows-amd64 JRE (16.0.2+7-67), built on Jun  8 2021 23:24:19 by "mach5one" with MS VC++ 16.7 (VS2019)

END.
